<?xml version="1.0" encoding="UTF-8"?>
<!-- Generated by org.testng.reporters.JUnitReportReporter -->
<testsuite skipped="1" hostname="Siddhants-Air.Dlink" name="scorm.everfi.tests.smoke.CourseLaunchTest" tests="2" failures="0" timestamp="2021-09-10T16:39:57 IST" time="0.045" errors="1">
  <testcase name="importCourses" time="0.045" classname="scorm.everfi.tests.smoke.CourseLaunchTest">
    <error type="java.io.FileNotFoundException" message="/Users/siddhantgaonker/eclipse-workspace/everfi-scorm/target/config/config.properties (No such file or directory)">
      <![CDATA[java.io.FileNotFoundException: /Users/siddhantgaonker/eclipse-workspace/everfi-scorm/target/config/config.properties (No such file or directory)
at java.io.FileInputStream.open0(Native Method)
at java.io.FileInputStream.open(FileInputStream.java:195)
at java.io.FileInputStream.<init>(FileInputStream.java:138)
at scorm.everfi.base.TestBase.pageInitialisation(TestBase.java:133)
at scorm.everfi.base.TestBase.importCourses(TestBase.java:86)
at sun.reflect.NativeMethodAccessorImpl.invoke0(Native Method)
at sun.reflect.NativeMethodAccessorImpl.invoke(NativeMethodAccessorImpl.java:62)
at sun.reflect.DelegatingMethodAccessorImpl.invoke(DelegatingMethodAccessorImpl.java:43)
at java.lang.reflect.Method.invoke(Method.java:498)
at org.testng.internal.MethodInvocationHelper.invokeMethod(MethodInvocationHelper.java:132)
at org.testng.internal.MethodInvocationHelper.invokeMethodConsideringTimeout(MethodInvocationHelper.java:61)
at org.testng.internal.ConfigInvoker.invokeConfigurationMethod(ConfigInvoker.java:366)
at org.testng.internal.ConfigInvoker.invokeConfigurations(ConfigInvoker.java:320)
at org.testng.SuiteRunner.privateRun(SuiteRunner.java:327)
at org.testng.SuiteRunner.run(SuiteRunner.java:286)
at org.testng.SuiteRunnerWorker.runSuite(SuiteRunnerWorker.java:53)
at org.testng.SuiteRunnerWorker.run(SuiteRunnerWorker.java:96)
at org.testng.TestNG.runSuitesSequentially(TestNG.java:1218)
at org.testng.TestNG.runSuitesLocally(TestNG.java:1140)
at org.testng.TestNG.runSuites(TestNG.java:1069)
at org.testng.TestNG.run(TestNG.java:1037)
at org.testng.TestNG.privateMain(TestNG.java:1371)
at org.testng.TestNG.main(TestNG.java:1335)
]]>
    </error>
  </testcase> <!-- importCourses -->
  <system-out/>
  <testcase name="verCourseLaunch" time="0.000" classname="scorm.everfi.tests.smoke.CourseLaunchTest">
    <skipped/>
  </testcase> <!-- verCourseLaunch -->
  <system-out/>
</testsuite> <!-- scorm.everfi.tests.smoke.CourseLaunchTest -->
