<?xml version="1.0" encoding="UTF-8"?>
<!-- Generated by org.testng.reporters.JUnitReportReporter -->
<testsuite skipped="0" hostname="Siddhants-Air.Dlink" name="test.ScormTest" tests="1" failures="0" timestamp="2021-09-02T14:08:56 IST" time="0.130" errors="0">
  <testcase name="test" time="0.130" classname="test.ScormTest"/>
  <system-out/>
</testsuite> <!-- test.ScormTest -->
